vendor/jquery/jquery.min.js
vendor/hammerjs/hammer.min.js
cookies-warning.min.js
modules/_commons.js
modules/paginate.js
modules/visual-navigation.js
modules/searchform.js
modules/tab-nav.js
modules/newsletter.js
modules/summary-not-accordeon.js
modules/searchsuggest.js
modules/history.js
modules/mySelection.js
modules/jqueryUI-core-widget-position-autocomplete-menu.js
modules/searchform-extended.js
modules/tooltip.js
modules/cata-display.js
modules/jquery.noty.packaged.min.js
modules/scroll.js
modules/sticky.js
modules/tag-hide.js
modules/sial-map-show.js
modules/swiper.js
